<?xml version='1.0' encoding='UTF-8' ?>
<testsuites tests="2" failures="0" errors="0" skipped="0" time="3.021" timestamp="2026-07-14T14:49:51" hostname="localhost">
  <testsuite name="com.motionarcade.app.MediaPipePrivacyInstrumentationTest" tests="2" failures="0" errors="0" skipped="0" time="2.192" timestamp="2026-07-14T14:49:51" hostname="localhost">
    <properties>
      <property name="device" value="pixel6Api37" />
      <property name="flavor" value="" />
      <property name="project" value=":app" />
    </properties>
    <testcase name="packagedPoseModelCreatesTwoPoseLandmarkerWithoutRemoteTransport" classname="com.motionarcade.app.MediaPipePrivacyInstrumentationTest" time="2.19" />
    <testcase name="packagedMediaPipeLoggerFactoryReturnsLocalNoOpLogger" classname="com.motionarcade.app.MediaPipePrivacyInstrumentationTest" time="0.002" />
  </testsuite>
</testsuites>
